<?xml version="1.0" encoding="UTF-8"?>
<robot generator="Robot 6.0.2 (Python 3.11.1 on win32)" generated="20230122 18:35:40.931" rpa="false" schemaversion="3">
<suite id="s1" name="pythonProject2" source="C:\Users\e3809\PycharmProjects\pythonProject2">
<suite id="s1-s1" name="Tests" source="C:\Users\e3809\PycharmProjects\pythonProject2\Tests">
<suite id="s1-s1-s1" name="First" source="C:\Users\e3809\PycharmProjects\pythonProject2\Tests\First.robot">
<test id="s1-s1-s1-t1" name="User must sign in to check out" line="9">
<kw name="Open Browser" library="SeleniumLibrary">
<arg>${AmazonLink}</arg>
<arg>${browser}</arg>
<doc>Opens a new browser instance to the optional ``url``.</doc>
<msg timestamp="20230122 18:35:41.141" level="INFO">Opening browser 'chrome' to base url 'https://www.amazon.com/'.</msg>
<status status="PASS" starttime="20230122 18:35:41.140" endtime="20230122 18:35:44.082"/>
</kw>
<kw name="Maximize Browser Window" library="SeleniumLibrary">
<doc>Maximizes current browser window.</doc>
<status status="PASS" starttime="20230122 18:35:44.082" endtime="20230122 18:35:44.242"/>
</kw>
<kw name="Sleep" library="BuiltIn">
<arg>3</arg>
<doc>Pauses the test executed for the given time.</doc>
<msg timestamp="20230122 18:35:47.243" level="INFO">Slept 3 seconds</msg>
<status status="PASS" starttime="20230122 18:35:44.242" endtime="20230122 18:35:47.243"/>
</kw>
<kw name="Wait Until Page Contains" library="SeleniumLibrary">
<arg>Clinic</arg>
<doc>Waits until ``text`` appears on the current page.</doc>
<status status="PASS" starttime="20230122 18:35:47.243" endtime="20230122 18:35:47.273"/>
</kw>
<kw name="Input Text" library="SeleniumLibrary">
<arg>//input[@type='text']</arg>
<arg>Ferrary</arg>
<doc>Types the given ``text`` into the text field identified by ``locator``.</doc>
<msg timestamp="20230122 18:35:47.274" level="INFO">Typing text 'Ferrary' into text field '//input[@type='text']'.</msg>
<status status="PASS" starttime="20230122 18:35:47.273" endtime="20230122 18:35:47.424"/>
</kw>
<kw name="Click Button" library="SeleniumLibrary">
<arg>//input[@id='nav-search-submit-button']</arg>
<doc>Clicks the button identified by ``locator``.</doc>
<msg timestamp="20230122 18:35:47.425" level="INFO">Clicking button '//input[@id='nav-search-submit-button']'.</msg>
<status status="PASS" starttime="20230122 18:35:47.424" endtime="20230122 18:35:49.263"/>
</kw>
<kw name="Wait Until Page Contains" library="SeleniumLibrary">
<arg>results for "Ferrary"</arg>
<doc>Waits until ``text`` appears on the current page.</doc>
<status status="PASS" starttime="20230122 18:35:49.263" endtime="20230122 18:35:49.291"/>
</kw>
<kw name="Click Image" library="SeleniumLibrary">
<arg>Jewish Holiday Feasts</arg>
<doc>Clicks an image identified by ``locator``.</doc>
<msg timestamp="20230122 18:35:49.292" level="INFO">Clicking image 'Jewish Holiday Feasts'.</msg>
<status status="PASS" starttime="20230122 18:35:49.292" endtime="20230122 18:35:52.053"/>
</kw>
<doc>This is some basic info about the test</doc>
<tag>Smoke</tag>
<status status="PASS" starttime="20230122 18:35:41.140" endtime="20230122 18:35:52.053"/>
</test>
<doc>This is some basic info about the whole suite</doc>
<status status="PASS" starttime="20230122 18:35:40.951" endtime="20230122 18:35:52.054"/>
</suite>
<status status="PASS" starttime="20230122 18:35:40.950" endtime="20230122 18:35:52.056"/>
</suite>
<status status="PASS" starttime="20230122 18:35:40.932" endtime="20230122 18:35:52.057"/>
</suite>
<statistics>
<total>
<stat pass="1" fail="0" skip="0">All Tests</stat>
</total>
<tag>
<stat pass="1" fail="0" skip="0">Smoke</stat>
</tag>
<suite>
<stat pass="1" fail="0" skip="0" id="s1" name="pythonProject2">pythonProject2</stat>
<stat pass="1" fail="0" skip="0" id="s1-s1" name="Tests">pythonProject2.Tests</stat>
<stat pass="1" fail="0" skip="0" id="s1-s1-s1" name="First">pythonProject2.Tests.First</stat>
</suite>
</statistics>
<errors>
</errors>
</robot>
