<?xml version="1.0" encoding="UTF-8"?>
<robot generator="Robot 6.0.2 (Python 3.11.1 on win32)" generated="20230203 11:44:42.943" rpa="false" schemaversion="3">
<suite id="s1" name="pythonProject2" source="C:\Users\e3809\PycharmProjects\pythonProject2">
<suite id="s1-s1" name="Tests" source="C:\Users\e3809\PycharmProjects\pythonProject2\Tests">
<suite id="s1-s1-s1" name="Scope" source="C:\Users\e3809\PycharmProjects\pythonProject2\Tests\scope.robot">
<test id="s1-s1-s1-t1" name="Create and log variable" line="6">
<kw name="Set Variable" library="BuiltIn">
<var>${ma_variablr}</var>
<arg>Some information</arg>
<doc>Returns the given values which can then be assigned to a variables.</doc>
<msg timestamp="20230203 11:44:42.968" level="INFO">${ma_variablr} = Some information</msg>
<status status="PASS" starttime="20230203 11:44:42.968" endtime="20230203 11:44:42.968"/>
</kw>
<kw name="Log" library="BuiltIn">
<arg>${ma_variablr}</arg>
<doc>Logs the given message with the given level.</doc>
<msg timestamp="20230203 11:44:42.969" level="INFO">Some information</msg>
<status status="PASS" starttime="20230203 11:44:42.969" endtime="20230203 11:44:42.969"/>
</kw>
<status status="PASS" starttime="20230203 11:44:42.968" endtime="20230203 11:44:42.969"/>
</test>
<status status="PASS" starttime="20230203 11:44:42.966" endtime="20230203 11:44:42.970"/>
</suite>
<status status="PASS" starttime="20230203 11:44:42.965" endtime="20230203 11:44:42.970"/>
</suite>
<status status="PASS" starttime="20230203 11:44:42.945" endtime="20230203 11:44:42.971"/>
</suite>
<statistics>
<total>
<stat pass="1" fail="0" skip="0">All Tests</stat>
</total>
<tag>
</tag>
<suite>
<stat pass="1" fail="0" skip="0" id="s1" name="pythonProject2">pythonProject2</stat>
<stat pass="1" fail="0" skip="0" id="s1-s1" name="Tests">pythonProject2.Tests</stat>
<stat pass="1" fail="0" skip="0" id="s1-s1-s1" name="Scope">pythonProject2.Tests.Scope</stat>
</suite>
</statistics>
<errors>
</errors>
</robot>
