<?xml version="1.0" encoding="UTF-8"?>
<robot generator="Robot 6.0.2 (Python 3.11.1 on win32)" generated="20230203 10:34:10.527" rpa="false" schemaversion="3">
<suite id="s1" name="First" source="C:\Users\e3809\PycharmProjects\pythonProject2\tests\first.robot">
<test id="s1-t1" name="Test Case 1" line="14">
<kw name="Begin test" type="SETUP">
<msg timestamp="20230203 10:34:10.551" level="FAIL">No keyword with name 'Begin test' found.</msg>
<status status="FAIL" starttime="20230203 10:34:10.551" endtime="20230203 10:34:10.551"/>
</kw>
<kw name="End Test" type="TEARDOWN">
<msg timestamp="20230203 10:34:10.552" level="FAIL">No keyword with name 'End Test' found.</msg>
<status status="FAIL" starttime="20230203 10:34:10.552" endtime="20230203 10:34:10.552">No keyword with name 'End Test' found.</status>
</kw>
<doc>This is some basic info about the test</doc>
<tag>Smoke</tag>
<status status="FAIL" starttime="20230203 10:34:10.550" endtime="20230203 10:34:10.552">Setup failed:
No keyword with name 'Begin test' found.

Also teardown failed:
No keyword with name 'End Test' found.</status>
</test>
<status status="FAIL" starttime="20230203 10:34:10.528" endtime="20230203 10:34:10.553"/>
</suite>
<statistics>
<total>
<stat pass="0" fail="1" skip="0">All Tests</stat>
</total>
<tag>
<stat pass="0" fail="1" skip="0">Smoke</stat>
</tag>
<suite>
<stat pass="0" fail="1" skip="0" id="s1" name="First">First</stat>
</suite>
</statistics>
<errors>
<msg timestamp="20230203 10:34:10.547" level="ERROR">Error in file 'C:\Users\e3809\PycharmProjects\pythonProject2\tests\first.robot' on line 4: Resource file 'Resources\Amazon.robot' does not exist.</msg>
<msg timestamp="20230203 10:34:10.549" level="ERROR">Error in file 'C:\Users\e3809\PycharmProjects\pythonProject2\tests\first.robot' on line 5: Resource file 'Resources\Common.robot' does not exist.</msg>
</errors>
</robot>
