<?xml version="1.0" encoding="UTF-8"?>
<robot generator="Robot 6.0.2 (Python 3.11.1 on win32)" generated="20230122 18:37:10.643" rpa="false" schemaversion="3">
<suite id="s1" name="First" source="C:\Users\e3809\PycharmProjects\pythonProject2\tests\First.robot">
<test id="s1-t1" name="User must sign in to check out" line="9">
<kw name="Open Browser" library="SeleniumLibrary">
<arg>${AmazonLink}</arg>
<arg>${browser}</arg>
<doc>Opens a new browser instance to the optional ``url``.</doc>
<msg timestamp="20230122 18:37:10.852" level="INFO">Opening browser 'chrome' to base url 'https://www.amazon.com/'.</msg>
<status status="PASS" starttime="20230122 18:37:10.850" endtime="20230122 18:37:13.922"/>
</kw>
<kw name="Maximize Browser Window" library="SeleniumLibrary">
<doc>Maximizes current browser window.</doc>
<status status="PASS" starttime="20230122 18:37:13.923" endtime="20230122 18:37:14.088"/>
</kw>
<kw name="Sleep" library="BuiltIn">
<arg>3</arg>
<doc>Pauses the test executed for the given time.</doc>
<msg timestamp="20230122 18:37:17.090" level="INFO">Slept 3 seconds</msg>
<status status="PASS" starttime="20230122 18:37:14.088" endtime="20230122 18:37:17.090"/>
</kw>
<kw name="Wait Until Page Contains" library="SeleniumLibrary">
<arg>Clinic</arg>
<doc>Waits until ``text`` appears on the current page.</doc>
<status status="PASS" starttime="20230122 18:37:17.090" endtime="20230122 18:37:17.126"/>
</kw>
<kw name="Input Text" library="SeleniumLibrary">
<arg>//input[@type='text']</arg>
<arg>Ferrary</arg>
<doc>Types the given ``text`` into the text field identified by ``locator``.</doc>
<msg timestamp="20230122 18:37:17.128" level="INFO">Typing text 'Ferrary' into text field '//input[@type='text']'.</msg>
<status status="PASS" starttime="20230122 18:37:17.127" endtime="20230122 18:37:17.276"/>
</kw>
<kw name="Click Button" library="SeleniumLibrary">
<arg>//input[@id='nav-search-submit-button']</arg>
<doc>Clicks the button identified by ``locator``.</doc>
<msg timestamp="20230122 18:37:17.277" level="INFO">Clicking button '//input[@id='nav-search-submit-button']'.</msg>
<status status="PASS" starttime="20230122 18:37:17.276" endtime="20230122 18:37:19.342"/>
</kw>
<kw name="Wait Until Page Contains" library="SeleniumLibrary">
<arg>results for "Ferrary"</arg>
<doc>Waits until ``text`` appears on the current page.</doc>
<status status="PASS" starttime="20230122 18:37:19.343" endtime="20230122 18:37:19.373"/>
</kw>
<kw name="Click Image" library="SeleniumLibrary">
<arg>Jewish Holiday Feasts</arg>
<doc>Clicks an image identified by ``locator``.</doc>
<msg timestamp="20230122 18:37:19.374" level="INFO">Clicking image 'Jewish Holiday Feasts'.</msg>
<status status="PASS" starttime="20230122 18:37:19.373" endtime="20230122 18:37:22.069"/>
</kw>
<doc>This is some basic info about the test</doc>
<tag>Smoke</tag>
<status status="PASS" starttime="20230122 18:37:10.850" endtime="20230122 18:37:22.069"/>
</test>
<doc>This is some basic info about the whole suite</doc>
<status status="PASS" starttime="20230122 18:37:10.644" endtime="20230122 18:37:22.070"/>
</suite>
<statistics>
<total>
<stat pass="1" fail="0" skip="0">All Tests</stat>
</total>
<tag>
<stat pass="1" fail="0" skip="0">Smoke</stat>
</tag>
<suite>
<stat pass="1" fail="0" skip="0" id="s1" name="First">First</stat>
</suite>
</statistics>
<errors>
</errors>
</robot>
